<?xml version="1.0" encoding="UTF-8"?>
<!-- Generated by org.testng.reporters.JUnitReportReporter -->
<testsuite hostname="DESKTOP-IKD2D8I" failures="0" tests="1" name="GenericUtility.BaseClass" time="15.272" errors="0" timestamp="2024-05-15T10:53:05 IST" skipped="0">
  <testcase classname="GenericUtility.BaseClass" name="test" time="15.272">
    <system-out>
      <![CDATA[executing ts]]>
    </system-out>
  </testcase> <!-- test -->
  <system-out>
    <![CDATA[Connected to server
login to the Application
executing ts
logout from the Application
Browser Closed
disConnected from server]]>
  </system-out>
</testsuite> <!-- GenericUtility.BaseClass -->
